c:\users\josef\documents\universidad\tfg\openglcameraproject\openglca.18cfb8fd\x64\debug\vc143.pdb
c:\users\josef\documents\universidad\tfg\openglcameraproject\openglca.18cfb8fd\x64\debug\vc143.idb
c:\users\josef\documents\universidad\tfg\openglcameraproject\openglca.18cfb8fd\x64\debug\vrapp.obj
c:\users\josef\documents\universidad\tfg\openglcameraproject\openglca.18cfb8fd\x64\debug\textureloader.obj
c:\users\josef\documents\universidad\tfg\openglcameraproject\openglca.18cfb8fd\x64\debug\shader.obj
c:\users\josef\documents\universidad\tfg\openglcameraproject\openglca.18cfb8fd\x64\debug\matrices.obj
c:\users\josef\documents\universidad\tfg\openglcameraproject\x64\debug\openglcameraproject.exe
c:\users\josef\documents\universidad\tfg\openglcameraproject\x64\debug\openglcameraproject.pdb
c:\users\josef\documents\universidad\tfg\openglcameraproject\x64\debug\mosquitto.dll
c:\users\josef\documents\universidad\tfg\openglcameraproject\x64\debug\libssl-3-x64.dll
c:\users\josef\documents\universidad\tfg\openglcameraproject\x64\debug\libcrypto-3-x64.dll
c:\users\josef\documents\universidad\tfg\openglcameraproject\x64\debug\pthreadvc3d.dll
c:\users\josef\documents\universidad\tfg\openglcameraproject\openglca.18cfb8fd\x64\debug\openglcameraproject.ilk
c:\users\josef\documents\universidad\tfg\openglcameraproject\openglca.18cfb8fd\x64\debug\openglca.18cfb8fd.tlog\cl.command.1.tlog
c:\users\josef\documents\universidad\tfg\openglcameraproject\openglca.18cfb8fd\x64\debug\openglca.18cfb8fd.tlog\cl.items.tlog
c:\users\josef\documents\universidad\tfg\openglcameraproject\openglca.18cfb8fd\x64\debug\openglca.18cfb8fd.tlog\cl.read.1.tlog
c:\users\josef\documents\universidad\tfg\openglcameraproject\openglca.18cfb8fd\x64\debug\openglca.18cfb8fd.tlog\cl.write.1.tlog
c:\users\josef\documents\universidad\tfg\openglcameraproject\openglca.18cfb8fd\x64\debug\openglca.18cfb8fd.tlog\link.command.1.tlog
c:\users\josef\documents\universidad\tfg\openglcameraproject\openglca.18cfb8fd\x64\debug\openglca.18cfb8fd.tlog\link.read.1.tlog
c:\users\josef\documents\universidad\tfg\openglcameraproject\openglca.18cfb8fd\x64\debug\openglca.18cfb8fd.tlog\link.secondary.1.tlog
c:\users\josef\documents\universidad\tfg\openglcameraproject\openglca.18cfb8fd\x64\debug\openglca.18cfb8fd.tlog\link.write.1.tlog
c:\users\josef\documents\universidad\tfg\openglcameraproject\openglca.18cfb8fd\x64\debug\openglca.18cfb8fd.tlog\openglcameraproject.write.1u.tlog
