  Matrices.cpp
  shader.cpp
  textureLoader.cpp
C:\Users\josef\Documents\Universidad\TFG\OpenGLCameraProject\src\textureLoader.cpp(99,14): warning C4101: 'height': unreferenced local variable
C:\Users\josef\Documents\Universidad\TFG\OpenGLCameraProject\src\textureLoader.cpp(99,22): warning C4101: 'nrChannels': unreferenced local variable
C:\Users\josef\Documents\Universidad\TFG\OpenGLCameraProject\src\textureLoader.cpp(99,7): warning C4101: 'width': unreferenced local variable
C:\Users\josef\Documents\Universidad\TFG\OpenGLCameraProject\src\textureLoader.cpp(104,12): warning C4101: 'error': unreferenced local variable
  vrApp.cpp
C:\Program Files (x86)\Windows Kits\10\Include\10.0.22621.0\shared\minwindef.h(130,1): warning C4005: 'APIENTRY': macro redefinition
  (compiling source file 'src/vrApp.cpp')
  C:\Users\josef\Documents\Universidad\TFG\OpenGLCameraProject\dependencies\GLFW\x64\include\GLFW\glfw3.h(123,1):
  see previous definition of 'APIENTRY'
  
C:\Users\josef\Documents\Universidad\TFG\OpenGLCameraProject\src\vrApp.cpp(116,23): warning C4101: 'VAO': unreferenced local variable
C:\Users\josef\Documents\Universidad\TFG\OpenGLCameraProject\src\vrApp.cpp(289,160): warning C4552: '!=': result of expression not used
  Generating Code...
C:\Users\josef\Documents\Universidad\TFG\OpenGLCameraProject\src\vrApp.cpp(598,1): warning C4715: 'openvr::mqttSetup': not all control paths return a value
glew32s.lib(glew.obj) : warning LNK4099: PDB '' was not found with 'glew32s.lib(glew.obj)' or at ''; linking object as if no debug info
LINK : warning LNK4098: defaultlib 'MSVCRT' conflicts with use of other libs; use /NODEFAULTLIB:library
LINK : warning LNK4098: defaultlib 'LIBCMT' conflicts with use of other libs; use /NODEFAULTLIB:library
  OpenGLCameraProject.vcxproj -> C:\Users\josef\Documents\Universidad\TFG\OpenGLCameraProject\x64\Debug\OpenGLCameraProject.exe
  "pwsh.exe" no se reconoce como un comando interno o externo,
  programa o archivo por lotes ejecutable.
